<?xml version="1.0" encoding="UTF-8"?>
<testng-results skipped="0" failed="0" ignored="0" total="2" passed="2">
  <reporter-output>
  </reporter-output>
  <suite name="Default suite" duration-ms="2425" started-at="2020-07-27T15:08:22 CDT" finished-at="2020-07-27T15:08:24 CDT">
    <groups>
    </groups>
    <test name="Default test" duration-ms="2425" started-at="2020-07-27T15:08:22 CDT" finished-at="2020-07-27T15:08:24 CDT">
      <class name="Test1">
        <test-method status="PASS" signature="Test1()[pri:0, instance:Test1@4973813a]" name="Test1" duration-ms="1927" started-at="2020-07-27T15:08:22 CDT" finished-at="2020-07-27T15:08:24 CDT">
          <reporter-output>
          </reporter-output>
        </test-method> <!-- Test1 -->
      </class> <!-- Test1 -->
      <class name="Test2">
        <test-method status="PASS" signature="test1a()[pri:0, instance:Test2@6321e813]" name="test1a" duration-ms="463" started-at="2020-07-27T15:08:24 CDT" finished-at="2020-07-27T15:08:24 CDT">
          <reporter-output>
          </reporter-output>
        </test-method> <!-- test1a -->
      </class> <!-- Test2 -->
    </test> <!-- Default test -->
  </suite> <!-- Default suite -->
</testng-results>
