<?xml version="1.0" encoding="UTF-8"?>
<testng-results skipped="0" failed="0" ignored="0" total="2" passed="2">
  <reporter-output>
  </reporter-output>
  <suite name="Default suite" duration-ms="2533" started-at="2020-07-27T14:49:45 CDT" finished-at="2020-07-27T14:49:48 CDT">
    <groups>
    </groups>
    <test name="Default test" duration-ms="2533" started-at="2020-07-27T14:49:45 CDT" finished-at="2020-07-27T14:49:48 CDT">
      <class name="Test02">
        <test-method status="PASS" signature="test1a()[pri:0, instance:Test02@3a883ce7]" name="test1a" duration-ms="2287" started-at="2020-07-27T14:49:45 CDT" finished-at="2020-07-27T14:49:48 CDT">
          <reporter-output>
          </reporter-output>
        </test-method> <!-- test1a -->
      </class> <!-- Test02 -->
      <class name="Test01">
        <test-method status="PASS" signature="Test1()[pri:0, instance:Test01@4973813a]" name="Test1" duration-ms="212" started-at="2020-07-27T14:49:48 CDT" finished-at="2020-07-27T14:49:48 CDT">
          <reporter-output>
          </reporter-output>
        </test-method> <!-- Test1 -->
      </class> <!-- Test01 -->
    </test> <!-- Default test -->
  </suite> <!-- Default suite -->
</testng-results>
